2026-07-18T19:54:17-05:00  proxy_started pid=1417295
2026-07-18T19:54:17-05:00  preflight OK
2026-07-18T19:54:17-05:00  proxy_loss_pct=0
2026-07-18T19:54:17-05:00  phase_begin baseline loss_pct=0
2026-07-18T19:54:17-05:00  baseline [analyze p1]: http=200 ms=78 loss_pct=0 note=Compliant
2026-07-18T19:54:17-05:00  baseline [analyze p2]: http=200 ms=67 loss_pct=0 note=Compliant
2026-07-18T19:54:17-05:00  baseline [analyze p3]: http=200 ms=56 loss_pct=0 note=Compliant
2026-07-18T19:54:18-05:00  baseline [analyze p4]: http=200 ms=62 loss_pct=0 note=Compliant
2026-07-18T19:54:18-05:00  baseline [analyze p5]: http=200 ms=63 loss_pct=0 note=Compliant
2026-07-18T19:54:18-05:00  baseline [analyze p6]: http=200 ms=67 loss_pct=0 note=Compliant
2026-07-18T19:54:18-05:00  baseline [analyze p7]: http=200 ms=65 loss_pct=0 note=Compliant
2026-07-18T19:54:18-05:00  baseline [analyze p8]: http=200 ms=60 loss_pct=0 note=Compliant
2026-07-18T19:54:18-05:00  baseline [analyze p9]: http=200 ms=69 loss_pct=0 note=Compliant
2026-07-18T19:54:19-05:00  baseline [analyze p10]: http=200 ms=62 loss_pct=0 note=Compliant
2026-07-18T19:54:19-05:00  baseline [analyze p11]: http=200 ms=68 loss_pct=0 note=Compliant
2026-07-18T19:54:19-05:00  baseline [analyze p12]: http=200 ms=61 loss_pct=0 note=Compliant
2026-07-18T19:54:19-05:00  baseline [analyze p13]: http=200 ms=65 loss_pct=0 note=Compliant
2026-07-18T19:54:19-05:00  baseline [analyze p14]: http=200 ms=62 loss_pct=0 note=Compliant
2026-07-18T19:54:19-05:00  baseline [analyze p15]: http=200 ms=64 loss_pct=0 note=Compliant
2026-07-18T19:54:19-05:00  baseline [analyze p16]: http=200 ms=64 loss_pct=0 note=Compliant
2026-07-18T19:54:20-05:00  baseline [analyze p17]: http=200 ms=56 loss_pct=0 note=Compliant
2026-07-18T19:54:20-05:00  baseline [analyze p18]: http=200 ms=62 loss_pct=0 note=Compliant
2026-07-18T19:54:20-05:00  baseline [analyze p19]: http=200 ms=75 loss_pct=0 note=Compliant
2026-07-18T19:54:20-05:00  baseline [analyze p20]: http=200 ms=56 loss_pct=0 note=Compliant
2026-07-18T19:54:20-05:00  phase_end baseline
2026-07-18T19:54:20-05:00  proxy_loss_pct=1
2026-07-18T19:54:20-05:00  phase_begin loss-1 loss_pct=1
2026-07-18T19:54:20-05:00  loss-1 [analyze p1]: http=200 ms=65 loss_pct=1 note=Compliant
2026-07-18T19:54:20-05:00  loss-1 [analyze p2]: http=200 ms=59 loss_pct=1 note=Compliant
2026-07-18T19:54:21-05:00  loss-1 [analyze p3]: http=200 ms=61 loss_pct=1 note=Compliant
2026-07-18T19:54:21-05:00  loss-1 [analyze p4]: http=200 ms=55 loss_pct=1 note=Compliant
2026-07-18T19:54:21-05:00  loss-1 [analyze p5]: http=200 ms=63 loss_pct=1 note=Compliant
2026-07-18T19:54:21-05:00  loss-1 [analyze p6]: http=200 ms=58 loss_pct=1 note=Compliant
2026-07-18T19:54:21-05:00  loss-1 [analyze p7]: http=200 ms=60 loss_pct=1 note=Compliant
2026-07-18T19:54:21-05:00  loss-1 [analyze p8]: http=200 ms=61 loss_pct=1 note=Compliant
2026-07-18T19:54:21-05:00  loss-1 [analyze p9]: http=200 ms=61 loss_pct=1 note=Compliant
2026-07-18T19:54:22-05:00  loss-1 [analyze p10]: http=200 ms=58 loss_pct=1 note=Compliant
2026-07-18T19:54:22-05:00  loss-1 [analyze p11]: http=200 ms=60 loss_pct=1 note=Compliant
2026-07-18T19:54:22-05:00  loss-1 [analyze p12]: http=200 ms=65 loss_pct=1 note=Compliant
2026-07-18T19:54:22-05:00  loss-1 [analyze p13]: http=200 ms=70 loss_pct=1 note=Compliant
2026-07-18T19:54:22-05:00  loss-1 [analyze p14]: http=200 ms=71 loss_pct=1 note=Compliant
2026-07-18T19:54:22-05:00  loss-1 [analyze p15]: http=200 ms=68 loss_pct=1 note=Compliant
2026-07-18T19:54:23-05:00  loss-1 [analyze p16]: http=200 ms=60 loss_pct=1 note=Compliant
2026-07-18T19:54:23-05:00  loss-1 [analyze p17]: http=200 ms=53 loss_pct=1 note=Compliant
2026-07-18T19:54:23-05:00  loss-1 [analyze p18]: http=200 ms=55 loss_pct=1 note=Compliant
2026-07-18T19:54:23-05:00  loss-1 [analyze p19]: http=200 ms=62 loss_pct=1 note=Compliant
2026-07-18T19:54:23-05:00  loss-1 [analyze p20]: http=200 ms=108 loss_pct=1 note=Compliant
2026-07-18T19:54:23-05:00  phase_end loss-1
2026-07-18T19:54:23-05:00  proxy_loss_pct=5
2026-07-18T19:54:23-05:00  phase_begin loss-5 loss_pct=5
2026-07-18T19:54:23-05:00  loss-5 [analyze p1]: http=200 ms=64 loss_pct=5 note=Compliant
2026-07-18T19:54:24-05:00  loss-5 [analyze p2]: http=200 ms=66 loss_pct=5 note=Compliant
2026-07-18T19:54:24-05:00  loss-5 [analyze p3]: http=200 ms=61 loss_pct=5 note=Compliant
2026-07-18T19:54:24-05:00  loss-5 [analyze p4]: http=200 ms=56 loss_pct=5 note=Compliant
2026-07-18T19:54:24-05:00  loss-5 [analyze p5]: http=200 ms=50 loss_pct=5 note=Compliant
2026-07-18T19:54:24-05:00  loss-5 [analyze p6]: http=200 ms=60 loss_pct=5 note=Compliant
2026-07-18T19:54:24-05:00  loss-5 [analyze p7]: http=200 ms=63 loss_pct=5 note=Compliant
2026-07-18T19:54:25-05:00  loss-5 [analyze p8]: http=200 ms=58 loss_pct=5 note=Compliant
2026-07-18T19:54:25-05:00  loss-5 [analyze p9]: http=200 ms=57 loss_pct=5 note=Compliant
2026-07-18T19:54:25-05:00  loss-5 [analyze p10]: http=200 ms=60 loss_pct=5 note=Compliant
2026-07-18T19:54:25-05:00  loss-5 [analyze p11]: http=200 ms=54 loss_pct=5 note=Compliant
2026-07-18T19:54:25-05:00  loss-5 [analyze p12]: http=200 ms=58 loss_pct=5 note=Compliant
2026-07-18T19:54:25-05:00  loss-5 [analyze p13]: http=200 ms=61 loss_pct=5 note=Compliant
2026-07-18T19:54:25-05:00  loss-5 [analyze p14]: http=200 ms=64 loss_pct=5 note=Compliant
2026-07-18T19:54:26-05:00  loss-5 [analyze p15]: http=200 ms=59 loss_pct=5 note=Compliant
2026-07-18T19:54:26-05:00  loss-5 [analyze p16]: http=200 ms=60 loss_pct=5 note=Compliant
2026-07-18T19:54:26-05:00  loss-5 [analyze p17]: http=200 ms=62 loss_pct=5 note=Compliant
2026-07-18T19:54:26-05:00  loss-5 [analyze p18]: http=000000 ms=29 loss_pct=5 note=dropped
2026-07-18T19:54:26-05:00  loss-5 [analyze p19]: http=200 ms=61 loss_pct=5 note=Compliant
2026-07-18T19:54:26-05:00  loss-5 [analyze p20]: http=200 ms=54 loss_pct=5 note=Compliant
2026-07-18T19:54:26-05:00  phase_end loss-5
2026-07-18T19:54:26-05:00  proxy_loss_pct=10
2026-07-18T19:54:26-05:00  phase_begin loss-10 loss_pct=10
2026-07-18T19:54:26-05:00  loss-10 [analyze p1]: http=200 ms=63 loss_pct=10 note=Compliant
2026-07-18T19:54:27-05:00  loss-10 [analyze p2]: http=200 ms=85 loss_pct=10 note=Compliant
2026-07-18T19:54:27-05:00  loss-10 [analyze p3]: http=200 ms=61 loss_pct=10 note=Compliant
2026-07-18T19:54:27-05:00  loss-10 [analyze p4]: http=200 ms=61 loss_pct=10 note=Compliant
2026-07-18T19:54:27-05:00  loss-10 [analyze p5]: http=200 ms=70 loss_pct=10 note=Compliant
2026-07-18T19:54:27-05:00  loss-10 [analyze p6]: http=200 ms=63 loss_pct=10 note=Compliant
2026-07-18T19:54:27-05:00  loss-10 [analyze p7]: http=200 ms=63 loss_pct=10 note=Compliant
2026-07-18T19:54:28-05:00  loss-10 [analyze p8]: http=200 ms=59 loss_pct=10 note=Compliant
2026-07-18T19:54:28-05:00  loss-10 [analyze p9]: http=200 ms=64 loss_pct=10 note=Compliant
2026-07-18T19:54:28-05:00  loss-10 [analyze p10]: http=200 ms=61 loss_pct=10 note=Compliant
2026-07-18T19:54:28-05:00  loss-10 [analyze p11]: http=200 ms=60 loss_pct=10 note=Compliant
2026-07-18T19:54:28-05:00  loss-10 [analyze p12]: http=200 ms=59 loss_pct=10 note=Compliant
2026-07-18T19:54:28-05:00  loss-10 [analyze p13]: http=200 ms=58 loss_pct=10 note=Compliant
2026-07-18T19:54:29-05:00  loss-10 [analyze p14]: http=200 ms=62 loss_pct=10 note=Compliant
2026-07-18T19:54:29-05:00  loss-10 [analyze p15]: http=200 ms=60 loss_pct=10 note=Compliant
2026-07-18T19:54:29-05:00  loss-10 [analyze p16]: http=200 ms=56 loss_pct=10 note=Compliant
2026-07-18T19:54:29-05:00  loss-10 [analyze p17]: http=200 ms=60 loss_pct=10 note=Compliant
2026-07-18T19:54:29-05:00  loss-10 [analyze p18]: http=200 ms=60 loss_pct=10 note=Compliant
2026-07-18T19:54:29-05:00  loss-10 [analyze p19]: http=200 ms=64 loss_pct=10 note=Compliant
2026-07-18T19:54:29-05:00  loss-10 [analyze p20]: http=000000 ms=28 loss_pct=10 note=dropped
2026-07-18T19:54:29-05:00  phase_end loss-10
2026-07-18T19:54:29-05:00  proxy_loss_pct=20
2026-07-18T19:54:29-05:00  phase_begin loss-20 loss_pct=20
2026-07-18T19:54:30-05:00  loss-20 [analyze p1]: http=200 ms=69 loss_pct=20 note=Compliant
2026-07-18T19:54:30-05:00  loss-20 [analyze p2]: http=200 ms=46 loss_pct=20 note=Compliant
2026-07-18T19:54:30-05:00  loss-20 [analyze p3]: http=200 ms=62 loss_pct=20 note=Compliant
2026-07-18T19:54:30-05:00  loss-20 [analyze p4]: http=200 ms=79 loss_pct=20 note=Compliant
2026-07-18T19:54:30-05:00  loss-20 [analyze p5]: http=200 ms=62 loss_pct=20 note=Compliant
2026-07-18T19:54:30-05:00  loss-20 [analyze p6]: http=200 ms=62 loss_pct=20 note=Compliant
2026-07-18T19:54:30-05:00  loss-20 [analyze p7]: http=200 ms=61 loss_pct=20 note=Compliant
2026-07-18T19:54:31-05:00  loss-20 [analyze p8]: http=200 ms=65 loss_pct=20 note=Compliant
2026-07-18T19:54:31-05:00  loss-20 [analyze p9]: http=200 ms=63 loss_pct=20 note=Compliant
2026-07-18T19:54:31-05:00  loss-20 [analyze p10]: http=000000 ms=28 loss_pct=20 note=dropped
2026-07-18T19:54:31-05:00  loss-20 [analyze p11]: http=200 ms=70 loss_pct=20 note=Compliant
2026-07-18T19:54:31-05:00  loss-20 [analyze p12]: http=000000 ms=26 loss_pct=20 note=dropped
2026-07-18T19:54:31-05:00  loss-20 [analyze p13]: http=200 ms=60 loss_pct=20 note=Compliant
2026-07-18T19:54:31-05:00  loss-20 [analyze p14]: http=200 ms=64 loss_pct=20 note=Compliant
2026-07-18T19:54:31-05:00  loss-20 [analyze p15]: http=200 ms=62 loss_pct=20 note=Compliant
2026-07-18T19:54:32-05:00  loss-20 [analyze p16]: http=000000 ms=27 loss_pct=20 note=dropped
2026-07-18T19:54:32-05:00  loss-20 [analyze p17]: http=200 ms=62 loss_pct=20 note=Compliant
2026-07-18T19:54:32-05:00  loss-20 [analyze p18]: http=200 ms=67 loss_pct=20 note=Compliant
2026-07-18T19:54:32-05:00  loss-20 [analyze p19]: http=200 ms=65 loss_pct=20 note=Compliant
2026-07-18T19:54:32-05:00  loss-20 [analyze p20]: http=200 ms=64 loss_pct=20 note=Compliant
2026-07-18T19:54:32-05:00  phase_end loss-20
2026-07-18T19:54:32-05:00  proxy_loss_pct=0
2026-07-18T19:54:32-05:00  phase_begin recovery loss_pct=0
2026-07-18T19:54:32-05:00  recovery [analyze p1]: http=200 ms=65 loss_pct=0 note=Compliant
2026-07-18T19:54:33-05:00  recovery [analyze p2]: http=200 ms=61 loss_pct=0 note=Compliant
2026-07-18T19:54:33-05:00  recovery [analyze p3]: http=200 ms=64 loss_pct=0 note=Compliant
2026-07-18T19:54:33-05:00  recovery [analyze p4]: http=200 ms=65 loss_pct=0 note=Compliant
2026-07-18T19:54:33-05:00  recovery [analyze p5]: http=200 ms=61 loss_pct=0 note=Compliant
2026-07-18T19:54:33-05:00  recovery [analyze p6]: http=200 ms=62 loss_pct=0 note=Compliant
2026-07-18T19:54:33-05:00  recovery [analyze p7]: http=200 ms=59 loss_pct=0 note=Compliant
2026-07-18T19:54:33-05:00  recovery [analyze p8]: http=200 ms=63 loss_pct=0 note=Compliant
2026-07-18T19:54:34-05:00  recovery [analyze p9]: http=200 ms=97 loss_pct=0 note=Compliant
2026-07-18T19:54:34-05:00  recovery [analyze p10]: http=200 ms=61 loss_pct=0 note=Compliant
2026-07-18T19:54:34-05:00  recovery [analyze p11]: http=200 ms=67 loss_pct=0 note=Compliant
2026-07-18T19:54:34-05:00  recovery [analyze p12]: http=200 ms=63 loss_pct=0 note=Compliant
2026-07-18T19:54:34-05:00  recovery [analyze p13]: http=200 ms=63 loss_pct=0 note=Compliant
2026-07-18T19:54:34-05:00  recovery [analyze p14]: http=200 ms=62 loss_pct=0 note=Compliant
2026-07-18T19:54:35-05:00  recovery [analyze p15]: http=200 ms=58 loss_pct=0 note=Compliant
2026-07-18T19:54:35-05:00  recovery [analyze p16]: http=200 ms=58 loss_pct=0 note=Compliant
2026-07-18T19:54:35-05:00  recovery [analyze p17]: http=200 ms=63 loss_pct=0 note=Compliant
2026-07-18T19:54:35-05:00  recovery [analyze p18]: http=200 ms=51 loss_pct=0 note=Compliant
2026-07-18T19:54:35-05:00  recovery [analyze p19]: http=200 ms=59 loss_pct=0 note=Compliant
2026-07-18T19:54:35-05:00  recovery [analyze p20]: http=200 ms=67 loss_pct=0 note=Compliant
2026-07-18T19:54:35-05:00  phase_end recovery
2026-07-18T19:54:35-05:00  proxy_loss_pct=0
2026-07-18T19:54:36-05:00  done phase=all
2026-07-18T19:54:36-05:00  proxy_loss_pct=0
