2026-07-11T22:06:20-05:00  sweep_begin tiers=1 3 5 8
2026-07-11T22:06:20-05:00  tier_begin concurrency=1
2026-07-11T22:06:35-05:00  probe c1,1,1,200,14816,5,0.60991646,Compliant
2026-07-11T22:06:37-05:00  tier_begin concurrency=3
2026-07-11T22:06:51-05:00  probe c3,3,3,200,13791,5,0.60991646,Compliant
2026-07-11T22:06:51-05:00  probe c3,3,2,200,13826,5,0.60991646,Compliant
2026-07-11T22:06:51-05:00  probe c3,3,1,200,14044,5,0.60991646,Compliant
2026-07-11T22:06:53-05:00  tier_begin concurrency=5
2026-07-11T22:07:09-05:00  probe c5,5,3,200,14659,5,0.60991646,Compliant
2026-07-11T22:07:09-05:00  probe c5,5,2,200,15014,5,0.60991646,Compliant
2026-07-11T22:07:09-05:00  probe c5,5,1,200,15278,5,0.60991646,Compliant
2026-07-11T22:07:09-05:00  probe c5,5,4,200,15279,5,0.60991646,Compliant
2026-07-11T22:07:09-05:00  probe c5,5,5,200,15684,5,0.60991646,Compliant
2026-07-11T22:07:11-05:00  tier_begin concurrency=8
2026-07-11T22:07:27-05:00  probe c8,8,1,200,14389,5,0.60991646,Compliant
2026-07-11T22:07:27-05:00  probe c8,8,4,200,14822,5,0.60991646,Compliant
2026-07-11T22:07:27-05:00  probe c8,8,3,200,15078,5,0.60991646,Compliant
2026-07-11T22:07:27-05:00  probe c8,8,7,200,15293,5,0.60991646,Compliant
2026-07-11T22:07:27-05:00  probe c8,8,5,200,15370,5,0.60991646,Compliant
2026-07-11T22:07:27-05:00  probe c8,8,2,200,15563,5,0.60991646,Compliant
2026-07-11T22:07:27-05:00  probe c8,8,8,200,15786,5,0.60991646,Compliant
2026-07-11T22:07:27-05:00  probe c8,8,6,200,16156,5,0.60991646,Compliant
2026-07-11T22:07:29-05:00  done
